Building DAG of jobs...
Using shell: /bin/bash
Provided cores: 1
Rules claiming more threads will be scaled down.
Job counts:
	count	jobs
	1	all
	1	bowtie2_map
	2

[Tue Nov 27 16:13:11 2018]
rule bowtie2_map:
    input: data/index/4.1.bt2, data/index/4.2.bt2, data/index/4.3.bt2, data/index/4.4.bt2, data/index/4.rev.1.bt2, data/index/4.rev.2.bt2, data/reads/4_mapped_r1.fastq.gz, data/reads/4_mapped_r2.fastq.gz
    output: data/mapping/4_mapped.bam
    jobid: 1

[Tue Nov 27 16:13:21 2018]
Finished job 1.
1 of 2 steps (50%) done

[Tue Nov 27 16:13:21 2018]
localrule all:
    input: data/mapping/4_mapped.bam
    jobid: 0

[Tue Nov 27 16:13:21 2018]
Finished job 0.
2 of 2 steps (100%) done
Complete log: /mnt/c/Users/erik_/Documents/GitHub/BioProject/bowtie2/.snakemake/log/2018-11-27T161311.269599.snakemake.log
