Building DAG of jobs...
Using shell: /bin/bash
Provided cores: 1
Rules claiming more threads will be scaled down.
Job counts:
	count	jobs
	1	bowtie2_index
	1	bowtie2_map
	2

[Mon Nov 26 21:25:01 2018]
rule bowtie2_index:
    input: data/reference/4.fa
    output: data/index/4.1.bt2, data/index/4.2.bt2, data/index/4.3.bt2, data/index/4.4.bt2, data/index/4.rev.1.bt2, data/index/4.rev.2.bt2
    jobid: 1

[Mon Nov 26 21:25:03 2018]
Finished job 1.
1 of 2 steps (50%) done

[Mon Nov 26 21:25:03 2018]
rule bowtie2_map:
    input: data/index/4.1.bt2, data/index/4.2.bt2, data/index/4.3.bt2, data/index/4.4.bt2, data/index/4.rev.1.bt2, data/index/4.rev.2.bt2, data/reads/4_mapped_r1.fastq.gz, data/reads/4_mapped_r2.fastq.gz
    output: data/mapping/4_mapped.bam
    jobid: 0

[Mon Nov 26 21:25:13 2018]
Finished job 0.
2 of 2 steps (100%) done
Complete log: /mnt/c/Users/erik_/Documents/GitHub/BioProject/bowtie2/.snakemake/log/2018-11-26T212501.902380.snakemake.log
