Building DAG of jobs...
Using shell: /bin/bash
Provided cores: 1
Rules claiming more threads will be scaled down.
Job counts:
	count	jobs
	1	all
	1	bowtie2_index
	1	bowtie2_map
	3

[Wed Nov 28 11:13:57 2018]
rule bowtie2_index:
    input: data/reference/4.fa
    output: data/index/4.1.bt2, data/index/4.2.bt2, data/index/4.3.bt2, data/index/4.4.bt2, data/index/4.rev.1.bt2, data/index/4.rev.2.bt2
    log: logs/bowtie2_index.log
    jobid: 2

[Wed Nov 28 11:13:58 2018]
Finished job 2.
1 of 3 steps (33%) done

[Wed Nov 28 11:13:58 2018]
rule bowtie2_map:
    input: data/index/4.1.bt2, data/index/4.2.bt2, data/index/4.3.bt2, data/index/4.4.bt2, data/index/4.rev.1.bt2, data/index/4.rev.2.bt2, data/reads/4_mapped_r1.fastq.gz, data/reads/4_mapped_r2.fastq.gz
    output: data/mapping/4_mapped.bam
    log: logs/bowtie2_map.log
    jobid: 1

[Wed Nov 28 11:14:08 2018]
Finished job 1.
2 of 3 steps (67%) done

[Wed Nov 28 11:14:08 2018]
localrule all:
    input: data/mapping/4_mapped.bam
    jobid: 0

[Wed Nov 28 11:14:08 2018]
Finished job 0.
3 of 3 steps (100%) done
Complete log: /mnt/c/Users/erik_/Documents/GitHub/BioProject/bowtie2/.snakemake/log/2018-11-28T111356.972065.snakemake.log
