Building DAG of jobs...
Using shell: /bin/bash
Provided cores: 1
Rules claiming more threads will be scaled down.
Job counts:
	count	jobs
	1	all
	1	bowtie2_index
	1	bowtie2_map
	3

[Wed Nov 28 10:52:20 2018]
rule bowtie2_index:
    input: data/reference/4.fa
    output: data/index4.1.bt2, data/index4.2.bt2, data/index4.3.bt2, data/index4.4.bt2, data/index4.rev.1.bt2, data/index4.rev.2.bt2
    jobid: 2

[Wed Nov 28 10:52:22 2018]
Finished job 2.
1 of 3 steps (33%) done

[Wed Nov 28 10:52:22 2018]
rule bowtie2_map:
    input: data/index4.1.bt2, data/index4.2.bt2, data/index4.3.bt2, data/index4.4.bt2, data/index4.rev.1.bt2, data/index4.rev.2.bt2, data/reads/4_mapped_r1.fastq.gz, data/reads/4_mapped_r2.fastq.gz
    output: data/mapping/4_mapped.bam
    jobid: 1

Shutting down, this might take some time.
Exiting because a job execution failed. Look above for error message
Complete log: /mnt/c/Users/erik_/Documents/GitHub/BioProject/bowtie2/.snakemake/log/2018-11-28T105220.841721.snakemake.log
